-------------------------------------------------------------------------------
Test set: br.edimarmanica.templatevariation.auto.similarity.ContentSimilarityTest
-------------------------------------------------------------------------------
Tests run: 1, Failures: 0, Errors: 1, Skipped: 0, Time elapsed: 0.007 sec <<< FAILURE!
testSimilarity(br.edimarmanica.templatevariation.auto.similarity.ContentSimilarityTest)  Time elapsed: 0.006 sec  <<< ERROR!
java.lang.NullPointerException
	at br.edimarmanica.templatevariation.auto.similarity.ContentSimilarityTest.testSimilarity(ContentSimilarityTest.java:33)
